<?xml version="1.0" encoding="UTF-8"?>
<testng-results total="1" passed="1" failed="0" skipped="0">
  <reporter-output>
  </reporter-output>
  <suite started-at="2023-12-22T19:15:13Z" name="Suite" finished-at="2023-12-22T19:15:21Z" duration-ms="7711">
    <groups>
    </groups>
    <test started-at="2023-12-22T19:15:13Z" name="Test" finished-at="2023-12-22T19:15:21Z" duration-ms="7711">
      <class name="guittest.gitteste">
        <test-method signature="browser()[pri:0, instance:guittest.gitteste@747f281]" started-at="2023-12-23T00:45:13Z" name="browser" finished-at="2023-12-23T00:45:21Z" duration-ms="7700" status="PASS">
          <reporter-output>
          </reporter-output>
        </test-method> <!-- browser -->
      </class> <!-- guittest.gitteste -->
    </test> <!-- Test -->
  </suite> <!-- Suite -->
</testng-results>
