<?xml version="1.0" encoding="UTF-8"?>
<testng-results ignored="0" total="1" passed="1" failed="0" skipped="0">
  <reporter-output>
  </reporter-output>
  <suite started-at="2023-10-29T11:59:32 IST" name="Default suite" finished-at="2023-10-29T11:59:38 IST" duration-ms="5809">
    <groups>
    </groups>
    <test started-at="2023-10-29T11:59:32 IST" name="Default test" finished-at="2023-10-29T11:59:38 IST" duration-ms="5809">
      <class name="guittest.gitteste">
        <test-method signature="browser()[pri:0, instance:guittest.gitteste@783a467b]" started-at="2023-10-29T11:59:32 IST" name="browser" finished-at="2023-10-29T11:59:38 IST" duration-ms="5734" status="PASS">
          <reporter-output>
          </reporter-output>
        </test-method> <!-- browser -->
      </class> <!-- guittest.gitteste -->
    </test> <!-- Default test -->
  </suite> <!-- Default suite -->
</testng-results>
